<?xml version="1.0" encoding="UTF-8"?>
<testsuite xmlns:xsi="http://www.w3.org/2001/XMLSchema-instance" xsi:noNamespaceSchemaLocation="https://maven.apache.org/surefire/maven-surefire-plugin/xsd/surefire-test-report.xsd" version="3.0.1" name="ParallelAndIsolation" time="11.416" tests="3" errors="1" skipped="0" failures="0">
  <properties>
    <property name="java.specification.version" value="17"/>
    <property name="sun.jnu.encoding" value="UTF-8"/>
    <property name="java.class.path" value="/home/runner/work/playwright-with-features-example/playwright-with-features-example/target/test-classes:/home/runner/work/playwright-with-features-example/playwright-with-features-example/target/classes:/home/runner/.m2/repository/com/microsoft/playwright/playwright/1.42.0/playwright-1.42.0.jar:/home/runner/.m2/repository/com/google/code/gson/gson/2.10.1/gson-2.10.1.jar:/home/runner/.m2/repository/org/opentest4j/opentest4j/1.3.0/opentest4j-1.3.0.jar:/home/runner/.m2/repository/com/microsoft/playwright/driver/1.42.0/driver-1.42.0.jar:/home/runner/.m2/repository/com/microsoft/playwright/driver-bundle/1.42.0/driver-bundle-1.42.0.jar:/home/runner/.m2/repository/org/junit/jupiter/junit-jupiter/5.11.0-M1/junit-jupiter-5.11.0-M1.jar:/home/runner/.m2/repository/org/junit/jupiter/junit-jupiter-api/5.11.0-M1/junit-jupiter-api-5.11.0-M1.jar:/home/runner/.m2/repository/org/junit/platform/junit-platform-commons/1.11.0-M1/junit-platform-commons-1.11.0-M1.jar:/home/runner/.m2/repository/org/apiguardian/apiguardian-api/1.1.2/apiguardian-api-1.1.2.jar:/home/runner/.m2/repository/org/junit/jupiter/junit-jupiter-params/5.11.0-M1/junit-jupiter-params-5.11.0-M1.jar:/home/runner/.m2/repository/org/junit/jupiter/junit-jupiter-engine/5.11.0-M1/junit-jupiter-engine-5.11.0-M1.jar:/home/runner/.m2/repository/org/junit/platform/junit-platform-engine/1.11.0-M1/junit-platform-engine-1.11.0-M1.jar:"/>
    <property name="java.vm.vendor" value="Eclipse Adoptium"/>
    <property name="sun.arch.data.model" value="64"/>
    <property name="java.vendor.url" value="https://adoptium.net/"/>
    <property name="user.timezone" value="Etc/UTC"/>
    <property name="os.name" value="Linux"/>
    <property name="java.vm.specification.version" value="17"/>
    <property name="sun.java.launcher" value="SUN_STANDARD"/>
    <property name="sun.boot.library.path" value="/usr/lib/jvm/temurin-17-jdk-amd64/lib"/>
    <property name="sun.java.command" value="/home/runner/work/playwright-with-features-example/playwright-with-features-example/target/surefire/surefirebooter-20240827082657476_3.jar /home/runner/work/playwright-with-features-example/playwright-with-features-example/target/surefire 2024-08-27T08-26-57_193-jvmRun1 surefire-20240827082657476_1tmp surefire_0-20240827082657476_2tmp"/>
    <property name="jdk.debug" value="release"/>
    <property name="surefire.test.class.path" value="/home/runner/work/playwright-with-features-example/playwright-with-features-example/target/test-classes:/home/runner/work/playwright-with-features-example/playwright-with-features-example/target/classes:/home/runner/.m2/repository/com/microsoft/playwright/playwright/1.42.0/playwright-1.42.0.jar:/home/runner/.m2/repository/com/google/code/gson/gson/2.10.1/gson-2.10.1.jar:/home/runner/.m2/repository/org/opentest4j/opentest4j/1.3.0/opentest4j-1.3.0.jar:/home/runner/.m2/repository/com/microsoft/playwright/driver/1.42.0/driver-1.42.0.jar:/home/runner/.m2/repository/com/microsoft/playwright/driver-bundle/1.42.0/driver-bundle-1.42.0.jar:/home/runner/.m2/repository/org/junit/jupiter/junit-jupiter/5.11.0-M1/junit-jupiter-5.11.0-M1.jar:/home/runner/.m2/repository/org/junit/jupiter/junit-jupiter-api/5.11.0-M1/junit-jupiter-api-5.11.0-M1.jar:/home/runner/.m2/repository/org/junit/platform/junit-platform-commons/1.11.0-M1/junit-platform-commons-1.11.0-M1.jar:/home/runner/.m2/repository/org/apiguardian/apiguardian-api/1.1.2/apiguardian-api-1.1.2.jar:/home/runner/.m2/repository/org/junit/jupiter/junit-jupiter-params/5.11.0-M1/junit-jupiter-params-5.11.0-M1.jar:/home/runner/.m2/repository/org/junit/jupiter/junit-jupiter-engine/5.11.0-M1/junit-jupiter-engine-5.11.0-M1.jar:/home/runner/.m2/repository/org/junit/platform/junit-platform-engine/1.11.0-M1/junit-platform-engine-1.11.0-M1.jar:"/>
    <property name="sun.cpu.endian" value="little"/>
    <property name="user.home" value="/home/runner"/>
    <property name="user.language" value="en"/>
    <property name="java.specification.vendor" value="Oracle Corporation"/>
    <property name="java.version.date" value="2024-07-16"/>
    <property name="java.home" value="/usr/lib/jvm/temurin-17-jdk-amd64"/>
    <property name="file.separator" value="/"/>
    <property name="basedir" value="/home/runner/work/playwright-with-features-example/playwright-with-features-example"/>
    <property name="java.vm.compressedOopsMode" value="Zero based"/>
    <property name="line.separator" value="&#10;"/>
    <property name="java.vm.specification.vendor" value="Oracle Corporation"/>
    <property name="java.specification.name" value="Java Platform API Specification"/>
    <property name="surefire.real.class.path" value="/home/runner/work/playwright-with-features-example/playwright-with-features-example/target/surefire/surefirebooter-20240827082657476_3.jar"/>
    <property name="sun.management.compiler" value="HotSpot 64-Bit Tiered Compilers"/>
    <property name="java.runtime.version" value="17.0.12+7"/>
    <property name="user.name" value="runner"/>
    <property name="path.separator" value=":"/>
    <property name="os.version" value="6.5.0-1025-azure"/>
    <property name="java.runtime.name" value="OpenJDK Runtime Environment"/>
    <property name="file.encoding" value="UTF-8"/>
    <property name="java.vm.name" value="OpenJDK 64-Bit Server VM"/>
    <property name="java.vendor.version" value="Temurin-17.0.12+7"/>
    <property name="localRepository" value="/home/runner/.m2/repository"/>
    <property name="java.vendor.url.bug" value="https://github.com/adoptium/adoptium-support/issues"/>
    <property name="java.io.tmpdir" value="/tmp"/>
    <property name="java.version" value="17.0.12"/>
    <property name="user.dir" value="/home/runner/work/playwright-with-features-example/playwright-with-features-example"/>
    <property name="os.arch" value="amd64"/>
    <property name="java.vm.specification.name" value="Java Virtual Machine Specification"/>
    <property name="native.encoding" value="UTF-8"/>
    <property name="java.library.path" value="/usr/java/packages/lib:/usr/lib64:/lib64:/lib:/usr/lib"/>
    <property name="java.vm.info" value="mixed mode, sharing"/>
    <property name="java.vendor" value="Eclipse Adoptium"/>
    <property name="java.vm.version" value="17.0.12+7"/>
    <property name="sun.io.unicode.encoding" value="UnicodeLittle"/>
    <property name="java.class.version" value="61.0"/>
  </properties>
  <testcase name="goToParallel(Page)" classname="ParallelAndIsolation" time="6.727">
    <error message="Failed to resolve parameter [com.microsoft.playwright.Page arg0] in method [public void ParallelAndIsolation.goToParallel(com.microsoft.playwright.Page)]: Error {&#10;  message=&apos;Target page, context or browser has been closed&#10;Browser logs:&#10;&#10;╔════════════════════════════════════════════════════════════════════════════════════════════════╗&#10;║ Looks like you launched a headed browser without having a XServer running.                     ║&#10;║ Set either &apos;headless: true&apos; or use &apos;xvfb-run &lt;your-playwright-app&gt;&apos; before running Playwright. ║&#10;║                                                                                                ║&#10;║ &lt;3 Playwright Team                                                                             ║&#10;╚════════════════════════════════════════════════════════════════════════════════════════════════╝&#10;  name=&apos;TargetClosedError&#10;  stack=&apos;TargetClosedError: Target page, context or browser has been closed&#10;Browser logs:&#10;&#10;╔════════════════════════════════════════════════════════════════════════════════════════════════╗&#10;║ Looks like you launched a headed browser without having a XServer running.                     ║&#10;║ Set either &apos;headless: true&apos; or use &apos;xvfb-run &lt;your-playwright-app&gt;&apos; before running Playwright. ║&#10;║                                                                                                ║&#10;║ &lt;3 Playwright Team                                                                             ║&#10;╚════════════════════════════════════════════════════════════════════════════════════════════════╝&#10;    at DispatcherConnection.dispatch (/tmp/playwright-java-17306950920858329419/package/lib/server/dispatchers/dispatcher.js:379:15)&#10;}&#10;Call log:&#10;- &lt;launching&gt; /home/runner/.cache/ms-playwright/chromium-1105/chrome-linux/chrome --disable-field-trial-config --disable-background-networking --enable-features=NetworkService,NetworkServiceInProcess --disable-background-timer-throttling --disable-backgrounding-occluded-windows --disable-back-forward-cache --disable-breakpad --disable-client-side-phishing-detection --disable-component-extensions-with-background-pages --disable-component-update --no-default-browser-check --disable-default-apps --disable-dev-shm-usage --disable-extensions --disable-features=ImprovedCookieControls,LazyFrameLoading,GlobalMediaControls,DestroyProfileOnBrowserClose,MediaRouter,DialMediaRouteProvider,AcceptCHFrame,AutoExpandDetailsElement,CertificateTransparencyComponentUpdater,AvoidUnnecessaryBeforeUnloadCheckSync,Translate,HttpsUpgrades,PaintHolding --allow-pre-commit-input --disable-hang-monitor --disable-ipc-flooding-protection --disable-popup-blocking --disable-prompt-on-repost --disable-renderer-backgrounding --force-color-profile=srgb --metrics-recording-only --no-first-run --enable-automation --password-store=basic --use-mock-keychain --no-service-autorun --export-tagged-pdf --disable-search-engine-choice-screen --no-sandbox --user-data-dir=/tmp/playwright_chromiumdev_profile-K1WvU8 --remote-debugging-pipe --no-startup-window&#10;- &lt;launched&gt; pid=3212&#10;- [pid=3212][err] [3212:3212:0827/082704.783026:ERROR:ozone_platform_x11.cc(243)] Missing X server or $DISPLAY&#10;- [pid=3212][err] [3212:3212:0827/082704.783062:ERROR:env.cc(257)] The platform failed to initialize.  Exiting.&#10;" type="org.junit.jupiter.api.extension.ParameterResolutionException"><![CDATA[org.junit.jupiter.api.extension.ParameterResolutionException: 
Failed to resolve parameter [com.microsoft.playwright.Page arg0] in method [public void ParallelAndIsolation.goToParallel(com.microsoft.playwright.Page)]: Error {
  message='Target page, context or browser has been closed
Browser logs:

╔════════════════════════════════════════════════════════════════════════════════════════════════╗
║ Looks like you launched a headed browser without having a XServer running.                     ║
║ Set either 'headless: true' or use 'xvfb-run <your-playwright-app>' before running Playwright. ║
║                                                                                                ║
║ <3 Playwright Team                                                                             ║
╚════════════════════════════════════════════════════════════════════════════════════════════════╝
  name='TargetClosedError
  stack='TargetClosedError: Target page, context or browser has been closed
Browser logs:

╔════════════════════════════════════════════════════════════════════════════════════════════════╗
║ Looks like you launched a headed browser without having a XServer running.                     ║
║ Set either 'headless: true' or use 'xvfb-run <your-playwright-app>' before running Playwright. ║
║                                                                                                ║
║ <3 Playwright Team                                                                             ║
╚════════════════════════════════════════════════════════════════════════════════════════════════╝
    at DispatcherConnection.dispatch (/tmp/playwright-java-17306950920858329419/package/lib/server/dispatchers/dispatcher.js:379:15)
}
Call log:
- <launching> /home/runner/.cache/ms-playwright/chromium-1105/chrome-linux/chrome --disable-field-trial-config --disable-background-networking --enable-features=NetworkService,NetworkServiceInProcess --disable-background-timer-throttling --disable-backgrounding-occluded-windows --disable-back-forward-cache --disable-breakpad --disable-client-side-phishing-detection --disable-component-extensions-with-background-pages --disable-component-update --no-default-browser-check --disable-default-apps --disable-dev-shm-usage --disable-extensions --disable-features=ImprovedCookieControls,LazyFrameLoading,GlobalMediaControls,DestroyProfileOnBrowserClose,MediaRouter,DialMediaRouteProvider,AcceptCHFrame,AutoExpandDetailsElement,CertificateTransparencyComponentUpdater,AvoidUnnecessaryBeforeUnloadCheckSync,Translate,HttpsUpgrades,PaintHolding --allow-pre-commit-input --disable-hang-monitor --disable-ipc-flooding-protection --disable-popup-blocking --disable-prompt-on-repost --disable-renderer-backgrounding --force-color-profile=srgb --metrics-recording-only --no-first-run --enable-automation --password-store=basic --use-mock-keychain --no-service-autorun --export-tagged-pdf --disable-search-engine-choice-screen --no-sandbox --user-data-dir=/tmp/playwright_chromiumdev_profile-K1WvU8 --remote-debugging-pipe --no-startup-window
- <launched> pid=3212
- [pid=3212][err] [3212:3212:0827/082704.783026:ERROR:ozone_platform_x11.cc(243)] Missing X server or $DISPLAY
- [pid=3212][err] [3212:3212:0827/082704.783062:ERROR:env.cc(257)] The platform failed to initialize.  Exiting.

	at java.base/java.util.concurrent.RecursiveAction.exec(RecursiveAction.java:194)
	at java.base/java.util.concurrent.ForkJoinTask.doExec(ForkJoinTask.java:373)
	at java.base/java.util.concurrent.ForkJoinTask.awaitDone(ForkJoinTask.java:436)
	at java.base/java.util.concurrent.ForkJoinTask.join(ForkJoinTask.java:670)
	at java.base/java.util.concurrent.RecursiveAction.exec(RecursiveAction.java:194)
	at java.base/java.util.concurrent.ForkJoinTask.doExec(ForkJoinTask.java:373)
	at java.base/java.util.concurrent.ForkJoinTask.awaitDone(ForkJoinTask.java:436)
	at java.base/java.util.concurrent.ForkJoinTask.join(ForkJoinTask.java:670)
	at java.base/java.util.concurrent.RecursiveAction.exec(RecursiveAction.java:194)
	at java.base/java.util.concurrent.ForkJoinTask.doExec(ForkJoinTask.java:373)
	at java.base/java.util.concurrent.ForkJoinPool$WorkQueue.topLevelExec(ForkJoinPool.java:1182)
	at java.base/java.util.concurrent.ForkJoinPool.scan(ForkJoinPool.java:1655)
	at java.base/java.util.concurrent.ForkJoinPool.runWorker(ForkJoinPool.java:1622)
	at java.base/java.util.concurrent.ForkJoinWorkerThread.run(ForkJoinWorkerThread.java:165)
Caused by: com.microsoft.playwright.PlaywrightException: Error {
  message='Target page, context or browser has been closed
Browser logs:

╔════════════════════════════════════════════════════════════════════════════════════════════════╗
║ Looks like you launched a headed browser without having a XServer running.                     ║
║ Set either 'headless: true' or use 'xvfb-run <your-playwright-app>' before running Playwright. ║
║                                                                                                ║
║ <3 Playwright Team                                                                             ║
╚════════════════════════════════════════════════════════════════════════════════════════════════╝
  name='TargetClosedError
  stack='TargetClosedError: Target page, context or browser has been closed
Browser logs:

╔════════════════════════════════════════════════════════════════════════════════════════════════╗
║ Looks like you launched a headed browser without having a XServer running.                     ║
║ Set either 'headless: true' or use 'xvfb-run <your-playwright-app>' before running Playwright. ║
║                                                                                                ║
║ <3 Playwright Team                                                                             ║
╚════════════════════════════════════════════════════════════════════════════════════════════════╝
    at DispatcherConnection.dispatch (/tmp/playwright-java-17306950920858329419/package/lib/server/dispatchers/dispatcher.js:379:15)
}
Call log:
- <launching> /home/runner/.cache/ms-playwright/chromium-1105/chrome-linux/chrome --disable-field-trial-config --disable-background-networking --enable-features=NetworkService,NetworkServiceInProcess --disable-background-timer-throttling --disable-backgrounding-occluded-windows --disable-back-forward-cache --disable-breakpad --disable-client-side-phishing-detection --disable-component-extensions-with-background-pages --disable-component-update --no-default-browser-check --disable-default-apps --disable-dev-shm-usage --disable-extensions --disable-features=ImprovedCookieControls,LazyFrameLoading,GlobalMediaControls,DestroyProfileOnBrowserClose,MediaRouter,DialMediaRouteProvider,AcceptCHFrame,AutoExpandDetailsElement,CertificateTransparencyComponentUpdater,AvoidUnnecessaryBeforeUnloadCheckSync,Translate,HttpsUpgrades,PaintHolding --allow-pre-commit-input --disable-hang-monitor --disable-ipc-flooding-protection --disable-popup-blocking --disable-prompt-on-repost --disable-renderer-backgrounding --force-color-profile=srgb --metrics-recording-only --no-first-run --enable-automation --password-store=basic --use-mock-keychain --no-service-autorun --export-tagged-pdf --disable-search-engine-choice-screen --no-sandbox --user-data-dir=/tmp/playwright_chromiumdev_profile-K1WvU8 --remote-debugging-pipe --no-startup-window
- <launched> pid=3212
- [pid=3212][err] [3212:3212:0827/082704.783026:ERROR:ozone_platform_x11.cc(243)] Missing X server or $DISPLAY
- [pid=3212][err] [3212:3212:0827/082704.783062:ERROR:env.cc(257)] The platform failed to initialize.  Exiting.

	at com.microsoft.playwright.impl.WaitableResult.get(WaitableResult.java:54)
	at com.microsoft.playwright.impl.ChannelOwner.runUntil(ChannelOwner.java:120)
	at com.microsoft.playwright.impl.Connection.sendMessage(Connection.java:130)
	at com.microsoft.playwright.impl.ChannelOwner.sendMessage(ChannelOwner.java:106)
	at com.microsoft.playwright.impl.BrowserTypeImpl.launchImpl(BrowserTypeImpl.java:50)
	at com.microsoft.playwright.impl.BrowserTypeImpl.lambda$launch$0(BrowserTypeImpl.java:42)
	at com.microsoft.playwright.impl.LoggingSupport.withLogging(LoggingSupport.java:47)
	at com.microsoft.playwright.impl.ChannelOwner.withLogging(ChannelOwner.java:89)
	at com.microsoft.playwright.impl.BrowserTypeImpl.launch(BrowserTypeImpl.java:42)
	at com.microsoft.playwright.impl.BrowserTypeImpl.launch(BrowserTypeImpl.java:35)
	at com.microsoft.playwright.junit.impl.BrowserExtension.getOrCreateBrowser(BrowserExtension.java:69)
	at com.microsoft.playwright.junit.impl.BrowserContextExtension.getOrCreateBrowserContext(BrowserContextExtension.java:60)
	at com.microsoft.playwright.junit.impl.PageExtension.getOrCreatePage(PageExtension.java:54)
	at com.microsoft.playwright.junit.impl.PageExtension.resolveParameter(PageExtension.java:45)
	... 14 more
Caused by: com.microsoft.playwright.impl.TargetClosedError: Error {
  message='Target page, context or browser has been closed
Browser logs:

╔════════════════════════════════════════════════════════════════════════════════════════════════╗
║ Looks like you launched a headed browser without having a XServer running.                     ║
║ Set either 'headless: true' or use 'xvfb-run <your-playwright-app>' before running Playwright. ║
║                                                                                                ║
║ <3 Playwright Team                                                                             ║
╚════════════════════════════════════════════════════════════════════════════════════════════════╝
  name='TargetClosedError
  stack='TargetClosedError: Target page, context or browser has been closed
Browser logs:

╔════════════════════════════════════════════════════════════════════════════════════════════════╗
║ Looks like you launched a headed browser without having a XServer running.                     ║
║ Set either 'headless: true' or use 'xvfb-run <your-playwright-app>' before running Playwright. ║
║                                                                                                ║
║ <3 Playwright Team                                                                             ║
╚════════════════════════════════════════════════════════════════════════════════════════════════╝
    at DispatcherConnection.dispatch (/tmp/playwright-java-17306950920858329419/package/lib/server/dispatchers/dispatcher.js:379:15)
}
Call log:
- <launching> /home/runner/.cache/ms-playwright/chromium-1105/chrome-linux/chrome --disable-field-trial-config --disable-background-networking --enable-features=NetworkService,NetworkServiceInProcess --disable-background-timer-throttling --disable-backgrounding-occluded-windows --disable-back-forward-cache --disable-breakpad --disable-client-side-phishing-detection --disable-component-extensions-with-background-pages --disable-component-update --no-default-browser-check --disable-default-apps --disable-dev-shm-usage --disable-extensions --disable-features=ImprovedCookieControls,LazyFrameLoading,GlobalMediaControls,DestroyProfileOnBrowserClose,MediaRouter,DialMediaRouteProvider,AcceptCHFrame,AutoExpandDetailsElement,CertificateTransparencyComponentUpdater,AvoidUnnecessaryBeforeUnloadCheckSync,Translate,HttpsUpgrades,PaintHolding --allow-pre-commit-input --disable-hang-monitor --disable-ipc-flooding-protection --disable-popup-blocking --disable-prompt-on-repost --disable-renderer-backgrounding --force-color-profile=srgb --metrics-recording-only --no-first-run --enable-automation --password-store=basic --use-mock-keychain --no-service-autorun --export-tagged-pdf --disable-search-engine-choice-screen --no-sandbox --user-data-dir=/tmp/playwright_chromiumdev_profile-K1WvU8 --remote-debugging-pipe --no-startup-window
- <launched> pid=3212
- [pid=3212][err] [3212:3212:0827/082704.783026:ERROR:ozone_platform_x11.cc(243)] Missing X server or $DISPLAY
- [pid=3212][err] [3212:3212:0827/082704.783062:ERROR:env.cc(257)] The platform failed to initialize.  Exiting.

	at com.microsoft.playwright.impl.Connection.dispatch(Connection.java:256)
	at com.microsoft.playwright.impl.Connection.processOneMessage(Connection.java:211)
	at com.microsoft.playwright.impl.ChannelOwner.runUntil(ChannelOwner.java:118)
	... 26 more
]]></error>
  </testcase>
  <testcase name="twoContexts" classname="ParallelAndIsolation" time="4.659"/>
  <testcase name="navigationBar" classname="Navigation" time="2.737"/>
</testsuite>