<?xml version="1.0" encoding="UTF-8"?>
<testsuite xmlns:xsi="http://www.w3.org/2001/XMLSchema-instance" xsi:noNamespaceSchemaLocation="https://maven.apache.org/surefire/maven-surefire-plugin/xsd/surefire-test-report.xsd" version="3.0.1" name="Actions" time="1.544" tests="2" errors="0" skipped="0" failures="1">
  <properties>
    <property name="java.specification.version" value="17"/>
    <property name="sun.jnu.encoding" value="UTF-8"/>
    <property name="java.class.path" value="/home/runner/work/playwright-with-features-example/playwright-with-features-example/target/test-classes:/home/runner/work/playwright-with-features-example/playwright-with-features-example/target/classes:/home/runner/.m2/repository/com/microsoft/playwright/playwright/1.42.0/playwright-1.42.0.jar:/home/runner/.m2/repository/com/google/code/gson/gson/2.10.1/gson-2.10.1.jar:/home/runner/.m2/repository/org/opentest4j/opentest4j/1.3.0/opentest4j-1.3.0.jar:/home/runner/.m2/repository/com/microsoft/playwright/driver/1.42.0/driver-1.42.0.jar:/home/runner/.m2/repository/com/microsoft/playwright/driver-bundle/1.42.0/driver-bundle-1.42.0.jar:/home/runner/.m2/repository/org/junit/jupiter/junit-jupiter/5.11.0-M1/junit-jupiter-5.11.0-M1.jar:/home/runner/.m2/repository/org/junit/jupiter/junit-jupiter-api/5.11.0-M1/junit-jupiter-api-5.11.0-M1.jar:/home/runner/.m2/repository/org/junit/platform/junit-platform-commons/1.11.0-M1/junit-platform-commons-1.11.0-M1.jar:/home/runner/.m2/repository/org/apiguardian/apiguardian-api/1.1.2/apiguardian-api-1.1.2.jar:/home/runner/.m2/repository/org/junit/jupiter/junit-jupiter-params/5.11.0-M1/junit-jupiter-params-5.11.0-M1.jar:/home/runner/.m2/repository/org/junit/jupiter/junit-jupiter-engine/5.11.0-M1/junit-jupiter-engine-5.11.0-M1.jar:/home/runner/.m2/repository/org/junit/platform/junit-platform-engine/1.11.0-M1/junit-platform-engine-1.11.0-M1.jar:"/>
    <property name="java.vm.vendor" value="Eclipse Adoptium"/>
    <property name="sun.arch.data.model" value="64"/>
    <property name="java.vendor.url" value="https://adoptium.net/"/>
    <property name="user.timezone" value="Etc/UTC"/>
    <property name="os.name" value="Linux"/>
    <property name="java.vm.specification.version" value="17"/>
    <property name="sun.java.launcher" value="SUN_STANDARD"/>
    <property name="sun.boot.library.path" value="/usr/lib/jvm/temurin-17-jdk-amd64/lib"/>
    <property name="sun.java.command" value="/home/runner/work/playwright-with-features-example/playwright-with-features-example/target/surefire/surefirebooter-20240827080759287_3.jar /home/runner/work/playwright-with-features-example/playwright-with-features-example/target/surefire 2024-08-27T08-07-59_091-jvmRun1 surefire-20240827080759287_1tmp surefire_0-20240827080759287_2tmp"/>
    <property name="jdk.debug" value="release"/>
    <property name="surefire.test.class.path" value="/home/runner/work/playwright-with-features-example/playwright-with-features-example/target/test-classes:/home/runner/work/playwright-with-features-example/playwright-with-features-example/target/classes:/home/runner/.m2/repository/com/microsoft/playwright/playwright/1.42.0/playwright-1.42.0.jar:/home/runner/.m2/repository/com/google/code/gson/gson/2.10.1/gson-2.10.1.jar:/home/runner/.m2/repository/org/opentest4j/opentest4j/1.3.0/opentest4j-1.3.0.jar:/home/runner/.m2/repository/com/microsoft/playwright/driver/1.42.0/driver-1.42.0.jar:/home/runner/.m2/repository/com/microsoft/playwright/driver-bundle/1.42.0/driver-bundle-1.42.0.jar:/home/runner/.m2/repository/org/junit/jupiter/junit-jupiter/5.11.0-M1/junit-jupiter-5.11.0-M1.jar:/home/runner/.m2/repository/org/junit/jupiter/junit-jupiter-api/5.11.0-M1/junit-jupiter-api-5.11.0-M1.jar:/home/runner/.m2/repository/org/junit/platform/junit-platform-commons/1.11.0-M1/junit-platform-commons-1.11.0-M1.jar:/home/runner/.m2/repository/org/apiguardian/apiguardian-api/1.1.2/apiguardian-api-1.1.2.jar:/home/runner/.m2/repository/org/junit/jupiter/junit-jupiter-params/5.11.0-M1/junit-jupiter-params-5.11.0-M1.jar:/home/runner/.m2/repository/org/junit/jupiter/junit-jupiter-engine/5.11.0-M1/junit-jupiter-engine-5.11.0-M1.jar:/home/runner/.m2/repository/org/junit/platform/junit-platform-engine/1.11.0-M1/junit-platform-engine-1.11.0-M1.jar:"/>
    <property name="sun.cpu.endian" value="little"/>
    <property name="user.home" value="/home/runner"/>
    <property name="user.language" value="en"/>
    <property name="java.specification.vendor" value="Oracle Corporation"/>
    <property name="java.version.date" value="2024-07-16"/>
    <property name="java.home" value="/usr/lib/jvm/temurin-17-jdk-amd64"/>
    <property name="file.separator" value="/"/>
    <property name="basedir" value="/home/runner/work/playwright-with-features-example/playwright-with-features-example"/>
    <property name="java.vm.compressedOopsMode" value="Zero based"/>
    <property name="line.separator" value="&#10;"/>
    <property name="java.vm.specification.vendor" value="Oracle Corporation"/>
    <property name="java.specification.name" value="Java Platform API Specification"/>
    <property name="surefire.real.class.path" value="/home/runner/work/playwright-with-features-example/playwright-with-features-example/target/surefire/surefirebooter-20240827080759287_3.jar"/>
    <property name="sun.management.compiler" value="HotSpot 64-Bit Tiered Compilers"/>
    <property name="java.runtime.version" value="17.0.12+7"/>
    <property name="user.name" value="runner"/>
    <property name="path.separator" value=":"/>
    <property name="os.version" value="6.5.0-1025-azure"/>
    <property name="java.runtime.name" value="OpenJDK Runtime Environment"/>
    <property name="file.encoding" value="UTF-8"/>
    <property name="java.vm.name" value="OpenJDK 64-Bit Server VM"/>
    <property name="java.vendor.version" value="Temurin-17.0.12+7"/>
    <property name="localRepository" value="/home/runner/.m2/repository"/>
    <property name="java.vendor.url.bug" value="https://github.com/adoptium/adoptium-support/issues"/>
    <property name="java.io.tmpdir" value="/tmp"/>
    <property name="java.version" value="17.0.12"/>
    <property name="user.dir" value="/home/runner/work/playwright-with-features-example/playwright-with-features-example"/>
    <property name="os.arch" value="amd64"/>
    <property name="java.vm.specification.name" value="Java Virtual Machine Specification"/>
    <property name="native.encoding" value="UTF-8"/>
    <property name="java.library.path" value="/usr/java/packages/lib:/usr/lib64:/lib64:/lib:/usr/lib"/>
    <property name="java.vm.info" value="mixed mode, sharing"/>
    <property name="java.vendor" value="Eclipse Adoptium"/>
    <property name="java.vm.version" value="17.0.12+7"/>
    <property name="sun.io.unicode.encoding" value="UnicodeLittle"/>
    <property name="java.class.version" value="61.0"/>
  </properties>
  <testcase name="changeTheme" classname="Actions" time="0.694"/>
  <testcase name="hoverActions" classname="Actions" time="0.499">
    <failure message="The color of the text of the element button[aria-label=&apos;Search&apos;] did not change after hovering the cursor ==&gt; expected: not equal but was: &lt;rgb(102, 108, 119)&gt;" type="org.opentest4j.AssertionFailedError"><![CDATA[org.opentest4j.AssertionFailedError: The color of the text of the element button[aria-label='Search'] did not change after hovering the cursor ==> expected: not equal but was: <rgb(102, 108, 119)>
	at org.junit.jupiter.api.AssertionFailureBuilder.build(AssertionFailureBuilder.java:152)
	at org.junit.jupiter.api.AssertionFailureBuilder.buildAndThrow(AssertionFailureBuilder.java:132)
	at org.junit.jupiter.api.AssertNotEquals.failEqual(AssertNotEquals.java:277)
	at org.junit.jupiter.api.AssertNotEquals.assertNotEquals(AssertNotEquals.java:263)
	at org.junit.jupiter.api.Assertions.assertNotEquals(Assertions.java:2832)
	at Actions.lambda$hoverActions$0(Actions.java:29)
	at java.base/java.util.Spliterators$ArraySpliterator.forEachRemaining(Spliterators.java:992)
	at java.base/java.util.stream.ReferencePipeline$Head.forEach(ReferencePipeline.java:762)
	at Actions.hoverActions(Actions.java:29)
	at java.base/java.lang.reflect.Method.invoke(Method.java:569)
	at java.base/java.util.concurrent.RecursiveAction.exec(RecursiveAction.java:194)
	at java.base/java.util.concurrent.ForkJoinTask.doExec(ForkJoinTask.java:373)
	at java.base/java.util.concurrent.ForkJoinPool$WorkQueue.topLevelExec(ForkJoinPool.java:1182)
	at java.base/java.util.concurrent.ForkJoinPool.scan(ForkJoinPool.java:1655)
	at java.base/java.util.concurrent.ForkJoinPool.runWorker(ForkJoinPool.java:1622)
	at java.base/java.util.concurrent.ForkJoinWorkerThread.run(ForkJoinWorkerThread.java:165)
]]></failure>
  </testcase>
</testsuite>